06-Dec-2024 09:19:46.936 INFO [main] org.apache.catalina.startup.VersionLoggerListener.log Server version name:   Apache Tomcat/11.0.1
06-Dec-2024 09:19:46.941 INFO [main] org.apache.catalina.startup.VersionLoggerListener.log Server built:          Nov 6 2024 19:08:24 UTC
06-Dec-2024 09:19:46.941 INFO [main] org.apache.catalina.startup.VersionLoggerListener.log Server version number: 11.0.1.0
06-Dec-2024 09:19:46.942 INFO [main] org.apache.catalina.startup.VersionLoggerListener.log OS Name:               Windows 11
06-Dec-2024 09:19:46.942 INFO [main] org.apache.catalina.startup.VersionLoggerListener.log OS Version:            10.0
06-Dec-2024 09:19:46.942 INFO [main] org.apache.catalina.startup.VersionLoggerListener.log Architecture:          amd64
06-Dec-2024 09:19:46.942 INFO [main] org.apache.catalina.startup.VersionLoggerListener.log Java Home:             C:\Users\tpaulo\Documents\NetBeansJDKs\zulu21.38.21-ca-jdk21.0.5-win_x64\zulu21.38.21-ca-jdk21.0.5-win_x64
06-Dec-2024 09:19:46.942 INFO [main] org.apache.catalina.startup.VersionLoggerListener.log JVM Version:           21.0.5+11-LTS
06-Dec-2024 09:19:46.942 INFO [main] org.apache.catalina.startup.VersionLoggerListener.log JVM Vendor:            Azul Systems, Inc.
06-Dec-2024 09:19:46.942 INFO [main] org.apache.catalina.startup.VersionLoggerListener.log CATALINA_BASE:         C:\Users\tpaulo\Desktop\Projeto de programação - trabalho de grupo\registo-de-ocorrencias\apache-tomcat-11.0.1
06-Dec-2024 09:19:46.942 INFO [main] org.apache.catalina.startup.VersionLoggerListener.log CATALINA_HOME:         C:\Users\tpaulo\Desktop\Projeto de programação - trabalho de grupo\registo-de-ocorrencias\apache-tomcat-11.0.1
06-Dec-2024 09:19:46.973 INFO [main] org.apache.catalina.startup.VersionLoggerListener.log Command line argument: -Djava.util.logging.config.file=C:\Users\tpaulo\Desktop\Projeto de programação - trabalho de grupo\registo-de-ocorrencias\apache-tomcat-11.0.1\conf\logging.properties
06-Dec-2024 09:19:46.973 INFO [main] org.apache.catalina.startup.VersionLoggerListener.log Command line argument: -Djava.util.logging.manager=org.apache.juli.ClassLoaderLogManager
06-Dec-2024 09:19:46.973 INFO [main] org.apache.catalina.startup.VersionLoggerListener.log Command line argument: -Djdk.tls.ephemeralDHKeySize=2048
06-Dec-2024 09:19:46.973 INFO [main] org.apache.catalina.startup.VersionLoggerListener.log Command line argument: --add-opens=java.base/java.lang=ALL-UNNAMED
06-Dec-2024 09:19:46.973 INFO [main] org.apache.catalina.startup.VersionLoggerListener.log Command line argument: --add-opens=java.base/java.io=ALL-UNNAMED
06-Dec-2024 09:19:46.974 INFO [main] org.apache.catalina.startup.VersionLoggerListener.log Command line argument: --add-opens=java.base/java.util=ALL-UNNAMED
06-Dec-2024 09:19:46.974 INFO [main] org.apache.catalina.startup.VersionLoggerListener.log Command line argument: --add-opens=java.base/java.util.concurrent=ALL-UNNAMED
06-Dec-2024 09:19:46.974 INFO [main] org.apache.catalina.startup.VersionLoggerListener.log Command line argument: --add-opens=java.rmi/sun.rmi.transport=ALL-UNNAMED
06-Dec-2024 09:19:46.974 INFO [main] org.apache.catalina.startup.VersionLoggerListener.log Command line argument: --enable-native-access=ALL-UNNAMED
06-Dec-2024 09:19:46.974 INFO [main] org.apache.catalina.startup.VersionLoggerListener.log Command line argument: -Dcatalina.base=C:\Users\tpaulo\Desktop\Projeto de programação - trabalho de grupo\registo-de-ocorrencias\apache-tomcat-11.0.1
06-Dec-2024 09:19:46.974 INFO [main] org.apache.catalina.startup.VersionLoggerListener.log Command line argument: -Dcatalina.home=C:\Users\tpaulo\Desktop\Projeto de programação - trabalho de grupo\registo-de-ocorrencias\apache-tomcat-11.0.1
06-Dec-2024 09:19:46.974 INFO [main] org.apache.catalina.startup.VersionLoggerListener.log Command line argument: -Djava.io.tmpdir=C:\Users\tpaulo\Desktop\Projeto de programação - trabalho de grupo\registo-de-ocorrencias\apache-tomcat-11.0.1\temp
06-Dec-2024 09:19:46.990 INFO [main] org.apache.catalina.core.AprLifecycleListener.lifecycleEvent Loaded Apache Tomcat Native library [2.0.8] using APR version [1.7.4].
06-Dec-2024 09:19:47.060 INFO [main] org.apache.catalina.core.AprLifecycleListener.initializeSSL OpenSSL successfully initialized [OpenSSL 3.0.14 4 Jun 2024]
06-Dec-2024 09:19:47.356 INFO [main] org.apache.coyote.AbstractProtocol.init Initializing ProtocolHandler ["http-nio-8080"]
06-Dec-2024 09:19:47.387 INFO [main] org.apache.catalina.startup.Catalina.load Server initialization in [673] milliseconds
06-Dec-2024 09:19:47.442 INFO [main] org.apache.catalina.core.StandardService.startInternal Starting service [Catalina]
06-Dec-2024 09:19:47.442 INFO [main] org.apache.catalina.core.StandardEngine.startInternal Starting Servlet engine: [Apache Tomcat/11.0.1]
06-Dec-2024 09:19:47.454 INFO [main] org.apache.catalina.startup.HostConfig.deployDescriptor Deploying deployment descriptor [C:\Users\tpaulo\Desktop\Projeto de programação - trabalho de grupo\registo-de-ocorrencias\apache-tomcat-11.0.1\conf\Catalina\localhost\registodeocurrencias.xml]
06-Dec-2024 09:19:47.473 WARNING [main] org.apache.catalina.startup.HostConfig.deployDescriptor The path attribute with value [/registodeocurrencias] in deployment descriptor [C:\Users\tpaulo\Desktop\Projeto de programação - trabalho de grupo\registo-de-ocorrencias\apache-tomcat-11.0.1\conf\Catalina\localhost\registodeocurrencias.xml] has been ignored
06-Dec-2024 09:19:47.518 SEVERE [main] org.apache.catalina.startup.HostConfig.deployDescriptor Error deploying deployment descriptor [C:\Users\tpaulo\Desktop\Projeto de programação - trabalho de grupo\registo-de-ocorrencias\apache-tomcat-11.0.1\conf\Catalina\localhost\registodeocurrencias.xml]
	java.lang.IllegalStateException: Error starting child
		at org.apache.catalina.core.ContainerBase.addChild(ContainerBase.java:569)
		at org.apache.catalina.core.StandardHost.addChild(StandardHost.java:653)
		at org.apache.catalina.startup.HostConfig.deployDescriptor(HostConfig.java:599)
		at org.apache.catalina.startup.HostConfig$DeployDescriptor.run(HostConfig.java:1853)
		at java.base/java.util.concurrent.Executors$RunnableAdapter.call(Executors.java:572)
		at java.base/java.util.concurrent.FutureTask.run(FutureTask.java:317)
		at org.apache.tomcat.util.threads.InlineExecutorService.execute(InlineExecutorService.java:75)
		at java.base/java.util.concurrent.AbstractExecutorService.submit(AbstractExecutorService.java:123)
		at org.apache.catalina.startup.HostConfig.deployDescriptors(HostConfig.java:494)
		at org.apache.catalina.startup.HostConfig.deployApps(HostConfig.java:385)
		at org.apache.catalina.startup.HostConfig.start(HostConfig.java:1593)
		at org.apache.catalina.startup.HostConfig.lifecycleEvent(HostConfig.java:267)
		at org.apache.catalina.util.LifecycleBase.fireLifecycleEvent(LifecycleBase.java:109)
		at org.apache.catalina.util.LifecycleBase.setStateInternal(LifecycleBase.java:389)
		at org.apache.catalina.util.LifecycleBase.setState(LifecycleBase.java:336)
		at org.apache.catalina.core.ContainerBase.startInternal(ContainerBase.java:743)
		at org.apache.catalina.core.StandardHost.startInternal(StandardHost.java:771)
		at org.apache.catalina.util.LifecycleBase.start(LifecycleBase.java:164)
		at org.apache.catalina.core.ContainerBase$StartChild.call(ContainerBase.java:1170)
		at org.apache.catalina.core.ContainerBase$StartChild.call(ContainerBase.java:1160)
		at java.base/java.util.concurrent.FutureTask.run(FutureTask.java:317)
		at org.apache.tomcat.util.threads.InlineExecutorService.execute(InlineExecutorService.java:75)
		at java.base/java.util.concurrent.AbstractExecutorService.submit(AbstractExecutorService.java:145)
		at org.apache.catalina.core.ContainerBase.startInternal(ContainerBase.java:716)
		at org.apache.catalina.core.StandardEngine.startInternal(StandardEngine.java:203)
		at org.apache.catalina.util.LifecycleBase.start(LifecycleBase.java:164)
		at org.apache.catalina.core.StandardService.startInternal(StandardService.java:415)
		at org.apache.catalina.util.LifecycleBase.start(LifecycleBase.java:164)
		at org.apache.catalina.core.StandardServer.startInternal(StandardServer.java:866)
		at org.apache.catalina.util.LifecycleBase.start(LifecycleBase.java:164)
		at org.apache.catalina.startup.Catalina.start(Catalina.java:755)
		at java.base/jdk.internal.reflect.DirectMethodHandleAccessor.invoke(DirectMethodHandleAccessor.java:103)
		at java.base/java.lang.reflect.Method.invoke(Method.java:580)
		at org.apache.catalina.startup.Bootstrap.start(Bootstrap.java:342)
		at org.apache.catalina.startup.Bootstrap.main(Bootstrap.java:470)
	Caused by: org.apache.catalina.LifecycleException: Failed to start component [org.apache.catalina.webresources.StandardRoot@7ac296f6]
		at org.apache.catalina.util.LifecycleBase.handleSubClassException(LifecycleBase.java:406)
		at org.apache.catalina.util.LifecycleBase.start(LifecycleBase.java:179)
		at org.apache.catalina.core.StandardContext.resourcesStart(StandardContext.java:4091)
		at org.apache.catalina.core.StandardContext.startInternal(StandardContext.java:4213)
		at org.apache.catalina.util.LifecycleBase.start(LifecycleBase.java:164)
		at org.apache.catalina.core.ContainerBase.addChild(ContainerBase.java:566)
		... 34 more
	Caused by: java.lang.IllegalArgumentException: The main resource set specified [C:\Users\isousa\Documents\10790 - ProjetoDeProgramacao\trabalho de grupo\Projeto\registodeocurrencias\target\registodeocurrencias-1.0-SNAPSHOT] is not a directory or war file, or is not readable (it does not exist or permissions to access it are missing)
		at org.apache.catalina.webresources.StandardRoot.createMainResourceSet(StandardRoot.java:749)
		at org.apache.catalina.webresources.StandardRoot.startInternal(StandardRoot.java:707)
		at org.apache.catalina.util.LifecycleBase.start(LifecycleBase.java:164)
		... 38 more
06-Dec-2024 09:19:47.564 INFO [main] org.apache.catalina.startup.HostConfig.deployDescriptor Deployment of deployment descriptor [C:\Users\tpaulo\Desktop\Projeto de programação - trabalho de grupo\registo-de-ocorrencias\apache-tomcat-11.0.1\conf\Catalina\localhost\registodeocurrencias.xml] has finished in [110] ms
06-Dec-2024 09:19:47.565 INFO [main] org.apache.catalina.startup.HostConfig.deployDirectory Deploying web application directory [C:\Users\tpaulo\Desktop\Projeto de programação - trabalho de grupo\registo-de-ocorrencias\apache-tomcat-11.0.1\webapps\docs]
06-Dec-2024 09:19:47.871 INFO [main] org.apache.catalina.startup.HostConfig.deployDirectory Deployment of web application directory [C:\Users\tpaulo\Desktop\Projeto de programação - trabalho de grupo\registo-de-ocorrencias\apache-tomcat-11.0.1\webapps\docs] has finished in [305] ms
06-Dec-2024 09:19:47.871 INFO [main] org.apache.catalina.startup.HostConfig.deployDirectory Deploying web application directory [C:\Users\tpaulo\Desktop\Projeto de programação - trabalho de grupo\registo-de-ocorrencias\apache-tomcat-11.0.1\webapps\examples]
06-Dec-2024 09:19:48.745 INFO [main] org.apache.catalina.startup.HostConfig.deployDirectory Deployment of web application directory [C:\Users\tpaulo\Desktop\Projeto de programação - trabalho de grupo\registo-de-ocorrencias\apache-tomcat-11.0.1\webapps\examples] has finished in [874] ms
06-Dec-2024 09:19:48.746 INFO [main] org.apache.catalina.startup.HostConfig.deployDirectory Deploying web application directory [C:\Users\tpaulo\Desktop\Projeto de programação - trabalho de grupo\registo-de-ocorrencias\apache-tomcat-11.0.1\webapps\host-manager]
06-Dec-2024 09:19:48.834 INFO [main] org.apache.catalina.startup.HostConfig.deployDirectory Deployment of web application directory [C:\Users\tpaulo\Desktop\Projeto de programação - trabalho de grupo\registo-de-ocorrencias\apache-tomcat-11.0.1\webapps\host-manager] has finished in [86] ms
06-Dec-2024 09:19:48.836 INFO [main] org.apache.catalina.startup.HostConfig.deployDirectory Deploying web application directory [C:\Users\tpaulo\Desktop\Projeto de programação - trabalho de grupo\registo-de-ocorrencias\apache-tomcat-11.0.1\webapps\manager]
06-Dec-2024 09:19:48.921 INFO [main] org.apache.catalina.startup.HostConfig.deployDirectory Deployment of web application directory [C:\Users\tpaulo\Desktop\Projeto de programação - trabalho de grupo\registo-de-ocorrencias\apache-tomcat-11.0.1\webapps\manager] has finished in [85] ms
06-Dec-2024 09:19:48.922 INFO [main] org.apache.catalina.startup.HostConfig.deployDirectory Deploying web application directory [C:\Users\tpaulo\Desktop\Projeto de programação - trabalho de grupo\registo-de-ocorrencias\apache-tomcat-11.0.1\webapps\ROOT]
06-Dec-2024 09:19:48.971 INFO [main] org.apache.catalina.startup.HostConfig.deployDirectory Deployment of web application directory [C:\Users\tpaulo\Desktop\Projeto de programação - trabalho de grupo\registo-de-ocorrencias\apache-tomcat-11.0.1\webapps\ROOT] has finished in [49] ms
06-Dec-2024 09:19:48.976 INFO [main] org.apache.coyote.AbstractProtocol.start Starting ProtocolHandler ["http-nio-8080"]
06-Dec-2024 09:19:49.010 INFO [main] org.apache.catalina.startup.Catalina.start Server startup in [1621] milliseconds
06-Dec-2024 09:20:11.717 INFO [http-nio-8080-exec-7] org.apache.catalina.startup.HostConfig.undeploy Undeploying context [/registodeocurrencias]
06-Dec-2024 09:20:11.747 INFO [http-nio-8080-exec-4] org.apache.catalina.startup.HostConfig.deployDescriptor Deploying deployment descriptor [C:\Users\tpaulo\Desktop\Projeto de programação - trabalho de grupo\registo-de-ocorrencias\apache-tomcat-11.0.1\conf\Catalina\localhost\registodeocurrencias.xml]
06-Dec-2024 09:20:11.748 WARNING [http-nio-8080-exec-4] org.apache.catalina.startup.HostConfig.deployDescriptor The path attribute with value [/registodeocurrencias] in deployment descriptor [C:\Users\tpaulo\Desktop\Projeto de programação - trabalho de grupo\registo-de-ocorrencias\apache-tomcat-11.0.1\conf\Catalina\localhost\registodeocurrencias.xml] has been ignored
06-Dec-2024 09:20:11.807 INFO [http-nio-8080-exec-4] org.apache.catalina.startup.HostConfig.deployDescriptor Deployment of deployment descriptor [C:\Users\tpaulo\Desktop\Projeto de programação - trabalho de grupo\registo-de-ocorrencias\apache-tomcat-11.0.1\conf\Catalina\localhost\registodeocurrencias.xml] has finished in [60] ms
06-Dec-2024 09:20:11.810 INFO [http-nio-8080-exec-3] org.apache.catalina.util.LifecycleBase.start The start() method was called on component [StandardEngine[Catalina].StandardHost[localhost].StandardContext[/registodeocurrencias]] after start() had already been called. The second call will be ignored.
06-Dec-2024 09:43:07.689 INFO [http-nio-8080-exec-18] org.apache.catalina.startup.HostConfig.undeploy Undeploying context [/registodeocurrencias]
06-Dec-2024 09:43:07.714 INFO [http-nio-8080-exec-13] org.apache.catalina.startup.HostConfig.deployDescriptor Deploying deployment descriptor [C:\Users\tpaulo\Desktop\Projeto de programação - trabalho de grupo\registo-de-ocorrencias\apache-tomcat-11.0.1\conf\Catalina\localhost\registodeocurrencias.xml]
06-Dec-2024 09:43:07.715 WARNING [http-nio-8080-exec-13] org.apache.catalina.startup.HostConfig.deployDescriptor The path attribute with value [/registodeocurrencias] in deployment descriptor [C:\Users\tpaulo\Desktop\Projeto de programação - trabalho de grupo\registo-de-ocorrencias\apache-tomcat-11.0.1\conf\Catalina\localhost\registodeocurrencias.xml] has been ignored
06-Dec-2024 09:43:07.772 INFO [http-nio-8080-exec-13] org.apache.catalina.startup.HostConfig.deployDescriptor Deployment of deployment descriptor [C:\Users\tpaulo\Desktop\Projeto de programação - trabalho de grupo\registo-de-ocorrencias\apache-tomcat-11.0.1\conf\Catalina\localhost\registodeocurrencias.xml] has finished in [58] ms
06-Dec-2024 09:43:07.775 INFO [http-nio-8080-exec-20] org.apache.catalina.util.LifecycleBase.start The start() method was called on component [StandardEngine[Catalina].StandardHost[localhost].StandardContext[/registodeocurrencias]] after start() had already been called. The second call will be ignored.
06-Dec-2024 10:57:28.374 INFO [http-nio-8080-exec-29] org.apache.catalina.startup.HostConfig.undeploy Undeploying context [/registodeocurrencias]
06-Dec-2024 10:57:28.412 INFO [http-nio-8080-exec-24] org.apache.catalina.startup.HostConfig.deployDescriptor Deploying deployment descriptor [C:\Users\tpaulo\Desktop\Projeto de programação - trabalho de grupo\registo-de-ocorrencias\apache-tomcat-11.0.1\conf\Catalina\localhost\registodeocurrencias.xml]
06-Dec-2024 10:57:28.413 WARNING [http-nio-8080-exec-24] org.apache.catalina.startup.HostConfig.deployDescriptor The path attribute with value [/registodeocurrencias] in deployment descriptor [C:\Users\tpaulo\Desktop\Projeto de programação - trabalho de grupo\registo-de-ocorrencias\apache-tomcat-11.0.1\conf\Catalina\localhost\registodeocurrencias.xml] has been ignored
06-Dec-2024 10:57:28.468 INFO [http-nio-8080-exec-24] org.apache.catalina.startup.HostConfig.deployDescriptor Deployment of deployment descriptor [C:\Users\tpaulo\Desktop\Projeto de programação - trabalho de grupo\registo-de-ocorrencias\apache-tomcat-11.0.1\conf\Catalina\localhost\registodeocurrencias.xml] has finished in [56] ms
06-Dec-2024 10:57:28.470 INFO [http-nio-8080-exec-23] org.apache.catalina.util.LifecycleBase.start The start() method was called on component [StandardEngine[Catalina].StandardHost[localhost].StandardContext[/registodeocurrencias]] after start() had already been called. The second call will be ignored.
06-Dec-2024 10:57:38.037 INFO [http-nio-8080-exec-24] org.apache.catalina.startup.HostConfig.undeploy Undeploying context [/registodeocurrencias]
06-Dec-2024 10:57:38.067 INFO [http-nio-8080-exec-31] org.apache.catalina.startup.HostConfig.deployDescriptor Deploying deployment descriptor [C:\Users\tpaulo\Desktop\Projeto de programação - trabalho de grupo\registo-de-ocorrencias\apache-tomcat-11.0.1\conf\Catalina\localhost\registodeocurrencias.xml]
06-Dec-2024 10:57:38.067 WARNING [http-nio-8080-exec-31] org.apache.catalina.startup.HostConfig.deployDescriptor The path attribute with value [/registodeocurrencias] in deployment descriptor [C:\Users\tpaulo\Desktop\Projeto de programação - trabalho de grupo\registo-de-ocorrencias\apache-tomcat-11.0.1\conf\Catalina\localhost\registodeocurrencias.xml] has been ignored
06-Dec-2024 10:57:38.117 INFO [http-nio-8080-exec-31] org.apache.catalina.startup.HostConfig.deployDescriptor Deployment of deployment descriptor [C:\Users\tpaulo\Desktop\Projeto de programação - trabalho de grupo\registo-de-ocorrencias\apache-tomcat-11.0.1\conf\Catalina\localhost\registodeocurrencias.xml] has finished in [50] ms
06-Dec-2024 10:57:38.120 INFO [http-nio-8080-exec-32] org.apache.catalina.util.LifecycleBase.start The start() method was called on component [StandardEngine[Catalina].StandardHost[localhost].StandardContext[/registodeocurrencias]] after start() had already been called. The second call will be ignored.
06-Dec-2024 10:57:50.995 INFO [http-nio-8080-exec-31] org.apache.catalina.startup.HostConfig.undeploy Undeploying context [/registodeocurrencias]
06-Dec-2024 10:57:51.018 INFO [http-nio-8080-exec-28] org.apache.catalina.startup.HostConfig.deployDescriptor Deploying deployment descriptor [C:\Users\tpaulo\Desktop\Projeto de programação - trabalho de grupo\registo-de-ocorrencias\apache-tomcat-11.0.1\conf\Catalina\localhost\registodeocurrencias.xml]
06-Dec-2024 10:57:51.019 WARNING [http-nio-8080-exec-28] org.apache.catalina.startup.HostConfig.deployDescriptor The path attribute with value [/registodeocurrencias] in deployment descriptor [C:\Users\tpaulo\Desktop\Projeto de programação - trabalho de grupo\registo-de-ocorrencias\apache-tomcat-11.0.1\conf\Catalina\localhost\registodeocurrencias.xml] has been ignored
06-Dec-2024 10:57:51.079 INFO [http-nio-8080-exec-28] org.apache.catalina.startup.HostConfig.deployDescriptor Deployment of deployment descriptor [C:\Users\tpaulo\Desktop\Projeto de programação - trabalho de grupo\registo-de-ocorrencias\apache-tomcat-11.0.1\conf\Catalina\localhost\registodeocurrencias.xml] has finished in [61] ms
06-Dec-2024 10:57:51.082 INFO [http-nio-8080-exec-30] org.apache.catalina.util.LifecycleBase.start The start() method was called on component [StandardEngine[Catalina].StandardHost[localhost].StandardContext[/registodeocurrencias]] after start() had already been called. The second call will be ignored.
06-Dec-2024 10:58:18.078 INFO [http-nio-8080-exec-28] org.apache.catalina.startup.HostConfig.undeploy Undeploying context [/registodeocurrencias]
06-Dec-2024 10:58:18.100 INFO [http-nio-8080-exec-30] org.apache.catalina.startup.HostConfig.deployDescriptor Deploying deployment descriptor [C:\Users\tpaulo\Desktop\Projeto de programação - trabalho de grupo\registo-de-ocorrencias\apache-tomcat-11.0.1\conf\Catalina\localhost\registodeocurrencias.xml]
06-Dec-2024 10:58:18.101 WARNING [http-nio-8080-exec-30] org.apache.catalina.startup.HostConfig.deployDescriptor The path attribute with value [/registodeocurrencias] in deployment descriptor [C:\Users\tpaulo\Desktop\Projeto de programação - trabalho de grupo\registo-de-ocorrencias\apache-tomcat-11.0.1\conf\Catalina\localhost\registodeocurrencias.xml] has been ignored
06-Dec-2024 10:58:18.147 INFO [http-nio-8080-exec-30] org.apache.catalina.startup.HostConfig.deployDescriptor Deployment of deployment descriptor [C:\Users\tpaulo\Desktop\Projeto de programação - trabalho de grupo\registo-de-ocorrencias\apache-tomcat-11.0.1\conf\Catalina\localhost\registodeocurrencias.xml] has finished in [47] ms
06-Dec-2024 10:58:18.149 INFO [http-nio-8080-exec-24] org.apache.catalina.util.LifecycleBase.start The start() method was called on component [StandardEngine[Catalina].StandardHost[localhost].StandardContext[/registodeocurrencias]] after start() had already been called. The second call will be ignored.
06-Dec-2024 10:58:36.338 INFO [http-nio-8080-exec-30] org.apache.catalina.startup.HostConfig.undeploy Undeploying context [/registodeocurrencias]
06-Dec-2024 10:58:36.359 INFO [http-nio-8080-exec-25] org.apache.catalina.startup.HostConfig.deployDescriptor Deploying deployment descriptor [C:\Users\tpaulo\Desktop\Projeto de programação - trabalho de grupo\registo-de-ocorrencias\apache-tomcat-11.0.1\conf\Catalina\localhost\registodeocurrencias.xml]
06-Dec-2024 10:58:36.360 WARNING [http-nio-8080-exec-25] org.apache.catalina.startup.HostConfig.deployDescriptor The path attribute with value [/registodeocurrencias] in deployment descriptor [C:\Users\tpaulo\Desktop\Projeto de programação - trabalho de grupo\registo-de-ocorrencias\apache-tomcat-11.0.1\conf\Catalina\localhost\registodeocurrencias.xml] has been ignored
06-Dec-2024 10:58:36.407 INFO [http-nio-8080-exec-25] org.apache.catalina.startup.HostConfig.deployDescriptor Deployment of deployment descriptor [C:\Users\tpaulo\Desktop\Projeto de programação - trabalho de grupo\registo-de-ocorrencias\apache-tomcat-11.0.1\conf\Catalina\localhost\registodeocurrencias.xml] has finished in [48] ms
06-Dec-2024 10:58:36.409 INFO [http-nio-8080-exec-21] org.apache.catalina.util.LifecycleBase.start The start() method was called on component [StandardEngine[Catalina].StandardHost[localhost].StandardContext[/registodeocurrencias]] after start() had already been called. The second call will be ignored.
06-Dec-2024 11:06:03.004 INFO [http-nio-8080-exec-41] org.apache.catalina.startup.HostConfig.undeploy Undeploying context [/registodeocurrencias]
06-Dec-2024 11:06:03.024 INFO [http-nio-8080-exec-46] org.apache.catalina.startup.HostConfig.deployDescriptor Deploying deployment descriptor [C:\Users\tpaulo\Desktop\Projeto de programação - trabalho de grupo\registo-de-ocorrencias\apache-tomcat-11.0.1\conf\Catalina\localhost\registodeocurrencias.xml]
06-Dec-2024 11:06:03.025 WARNING [http-nio-8080-exec-46] org.apache.catalina.startup.HostConfig.deployDescriptor The path attribute with value [/registodeocurrencias] in deployment descriptor [C:\Users\tpaulo\Desktop\Projeto de programação - trabalho de grupo\registo-de-ocorrencias\apache-tomcat-11.0.1\conf\Catalina\localhost\registodeocurrencias.xml] has been ignored
06-Dec-2024 11:06:03.076 INFO [http-nio-8080-exec-46] org.apache.catalina.startup.HostConfig.deployDescriptor Deployment of deployment descriptor [C:\Users\tpaulo\Desktop\Projeto de programação - trabalho de grupo\registo-de-ocorrencias\apache-tomcat-11.0.1\conf\Catalina\localhost\registodeocurrencias.xml] has finished in [52] ms
06-Dec-2024 11:06:03.078 INFO [http-nio-8080-exec-44] org.apache.catalina.util.LifecycleBase.start The start() method was called on component [StandardEngine[Catalina].StandardHost[localhost].StandardContext[/registodeocurrencias]] after start() had already been called. The second call will be ignored.
06-Dec-2024 11:09:46.066 INFO [http-nio-8080-exec-54] org.apache.catalina.startup.HostConfig.undeploy Undeploying context [/registodeocurrencias]
06-Dec-2024 11:09:46.085 INFO [http-nio-8080-exec-43] org.apache.catalina.startup.HostConfig.deployDescriptor Deploying deployment descriptor [C:\Users\tpaulo\Desktop\Projeto de programação - trabalho de grupo\registo-de-ocorrencias\apache-tomcat-11.0.1\conf\Catalina\localhost\registodeocurrencias.xml]
06-Dec-2024 11:09:46.085 WARNING [http-nio-8080-exec-43] org.apache.catalina.startup.HostConfig.deployDescriptor The path attribute with value [/registodeocurrencias] in deployment descriptor [C:\Users\tpaulo\Desktop\Projeto de programação - trabalho de grupo\registo-de-ocorrencias\apache-tomcat-11.0.1\conf\Catalina\localhost\registodeocurrencias.xml] has been ignored
06-Dec-2024 11:09:46.132 INFO [http-nio-8080-exec-43] org.apache.catalina.startup.HostConfig.deployDescriptor Deployment of deployment descriptor [C:\Users\tpaulo\Desktop\Projeto de programação - trabalho de grupo\registo-de-ocorrencias\apache-tomcat-11.0.1\conf\Catalina\localhost\registodeocurrencias.xml] has finished in [47] ms
06-Dec-2024 11:09:46.135 INFO [http-nio-8080-exec-55] org.apache.catalina.util.LifecycleBase.start The start() method was called on component [StandardEngine[Catalina].StandardHost[localhost].StandardContext[/registodeocurrencias]] after start() had already been called. The second call will be ignored.
06-Dec-2024 11:23:02.725 INFO [http-nio-8080-exec-63] org.apache.catalina.startup.HostConfig.undeploy Undeploying context [/registodeocurrencias]
06-Dec-2024 11:23:02.746 INFO [http-nio-8080-exec-57] org.apache.catalina.startup.HostConfig.deployDescriptor Deploying deployment descriptor [C:\Users\tpaulo\Desktop\Projeto de programação - trabalho de grupo\registo-de-ocorrencias\apache-tomcat-11.0.1\conf\Catalina\localhost\registodeocurrencias.xml]
06-Dec-2024 11:23:02.746 WARNING [http-nio-8080-exec-57] org.apache.catalina.startup.HostConfig.deployDescriptor The path attribute with value [/registodeocurrencias] in deployment descriptor [C:\Users\tpaulo\Desktop\Projeto de programação - trabalho de grupo\registo-de-ocorrencias\apache-tomcat-11.0.1\conf\Catalina\localhost\registodeocurrencias.xml] has been ignored
06-Dec-2024 11:23:02.796 INFO [http-nio-8080-exec-57] org.apache.catalina.startup.HostConfig.deployDescriptor Deployment of deployment descriptor [C:\Users\tpaulo\Desktop\Projeto de programação - trabalho de grupo\registo-de-ocorrencias\apache-tomcat-11.0.1\conf\Catalina\localhost\registodeocurrencias.xml] has finished in [50] ms
06-Dec-2024 11:23:02.798 INFO [http-nio-8080-exec-59] org.apache.catalina.util.LifecycleBase.start The start() method was called on component [StandardEngine[Catalina].StandardHost[localhost].StandardContext[/registodeocurrencias]] after start() had already been called. The second call will be ignored.
06-Dec-2024 11:23:30.123 INFO [http-nio-8080-exec-69] org.apache.catalina.startup.HostConfig.undeploy Undeploying context [/registodeocurrencias]
06-Dec-2024 11:23:30.142 INFO [http-nio-8080-exec-65] org.apache.catalina.startup.HostConfig.deployDescriptor Deploying deployment descriptor [C:\Users\tpaulo\Desktop\Projeto de programação - trabalho de grupo\registo-de-ocorrencias\apache-tomcat-11.0.1\conf\Catalina\localhost\registodeocurrencias.xml]
06-Dec-2024 11:23:30.143 WARNING [http-nio-8080-exec-65] org.apache.catalina.startup.HostConfig.deployDescriptor The path attribute with value [/registodeocurrencias] in deployment descriptor [C:\Users\tpaulo\Desktop\Projeto de programação - trabalho de grupo\registo-de-ocorrencias\apache-tomcat-11.0.1\conf\Catalina\localhost\registodeocurrencias.xml] has been ignored
06-Dec-2024 11:23:30.190 INFO [http-nio-8080-exec-65] org.apache.catalina.startup.HostConfig.deployDescriptor Deployment of deployment descriptor [C:\Users\tpaulo\Desktop\Projeto de programação - trabalho de grupo\registo-de-ocorrencias\apache-tomcat-11.0.1\conf\Catalina\localhost\registodeocurrencias.xml] has finished in [48] ms
06-Dec-2024 11:23:30.192 INFO [http-nio-8080-exec-59] org.apache.catalina.util.LifecycleBase.start The start() method was called on component [StandardEngine[Catalina].StandardHost[localhost].StandardContext[/registodeocurrencias]] after start() had already been called. The second call will be ignored.
06-Dec-2024 11:28:10.716 INFO [http-nio-8080-exec-79] org.apache.catalina.startup.HostConfig.undeploy Undeploying context [/registodeocurrencias]
06-Dec-2024 11:28:10.733 INFO [http-nio-8080-exec-67] org.apache.catalina.startup.HostConfig.deployDescriptor Deploying deployment descriptor [C:\Users\tpaulo\Desktop\Projeto de programação - trabalho de grupo\registo-de-ocorrencias\apache-tomcat-11.0.1\conf\Catalina\localhost\registodeocurrencias.xml]
06-Dec-2024 11:28:10.734 WARNING [http-nio-8080-exec-67] org.apache.catalina.startup.HostConfig.deployDescriptor The path attribute with value [/registodeocurrencias] in deployment descriptor [C:\Users\tpaulo\Desktop\Projeto de programação - trabalho de grupo\registo-de-ocorrencias\apache-tomcat-11.0.1\conf\Catalina\localhost\registodeocurrencias.xml] has been ignored
06-Dec-2024 11:28:10.781 INFO [http-nio-8080-exec-67] org.apache.catalina.startup.HostConfig.deployDescriptor Deployment of deployment descriptor [C:\Users\tpaulo\Desktop\Projeto de programação - trabalho de grupo\registo-de-ocorrencias\apache-tomcat-11.0.1\conf\Catalina\localhost\registodeocurrencias.xml] has finished in [47] ms
06-Dec-2024 11:28:10.782 INFO [http-nio-8080-exec-72] org.apache.catalina.util.LifecycleBase.start The start() method was called on component [StandardEngine[Catalina].StandardHost[localhost].StandardContext[/registodeocurrencias]] after start() had already been called. The second call will be ignored.
06-Dec-2024 11:54:24.400 INFO [http-nio-8080-exec-90] org.apache.catalina.startup.HostConfig.undeploy Undeploying context [/registodeocurrencias]
06-Dec-2024 12:39:25.679 INFO [http-nio-8080-exec-98] org.apache.catalina.startup.HostConfig.deployDescriptor Deploying deployment descriptor [C:\Users\tpaulo\Desktop\Projeto de programação - trabalho de grupo\registo-de-ocorrencias\apache-tomcat-11.0.1\conf\Catalina\localhost\registodeocurrencias.xml]
06-Dec-2024 12:39:25.680 WARNING [http-nio-8080-exec-98] org.apache.catalina.startup.HostConfig.deployDescriptor The path attribute with value [/registodeocurrencias] in deployment descriptor [C:\Users\tpaulo\Desktop\Projeto de programação - trabalho de grupo\registo-de-ocorrencias\apache-tomcat-11.0.1\conf\Catalina\localhost\registodeocurrencias.xml] has been ignored
06-Dec-2024 12:39:25.741 INFO [http-nio-8080-exec-98] org.apache.catalina.startup.HostConfig.deployDescriptor Deployment of deployment descriptor [C:\Users\tpaulo\Desktop\Projeto de programação - trabalho de grupo\registo-de-ocorrencias\apache-tomcat-11.0.1\conf\Catalina\localhost\registodeocurrencias.xml] has finished in [62] ms
06-Dec-2024 12:39:25.743 INFO [http-nio-8080-exec-97] org.apache.catalina.util.LifecycleBase.start The start() method was called on component [StandardEngine[Catalina].StandardHost[localhost].StandardContext[/registodeocurrencias]] after start() had already been called. The second call will be ignored.
06-Dec-2024 17:33:37.781 INFO [main] org.apache.catalina.core.StandardServer.await A valid shutdown command was received via the shutdown port. Stopping the Server instance.
06-Dec-2024 17:33:37.784 INFO [main] org.apache.coyote.AbstractProtocol.pause Pausing ProtocolHandler ["http-nio-8080"]
06-Dec-2024 17:33:37.798 INFO [main] org.apache.catalina.core.StandardService.stopInternal Stopping service [Catalina]
06-Dec-2024 17:33:37.822 INFO [main] org.apache.coyote.AbstractProtocol.stop Stopping ProtocolHandler ["http-nio-8080"]
06-Dec-2024 17:33:37.848 INFO [main] org.apache.coyote.AbstractProtocol.destroy Destroying ProtocolHandler ["http-nio-8080"]
