05-Dec-2024 11:14:55.784 INFO [main] org.apache.catalina.startup.VersionLoggerListener.log Server version name:   Apache Tomcat/11.0.1
05-Dec-2024 11:14:55.790 INFO [main] org.apache.catalina.startup.VersionLoggerListener.log Server built:          Nov 6 2024 19:08:24 UTC
05-Dec-2024 11:14:55.790 INFO [main] org.apache.catalina.startup.VersionLoggerListener.log Server version number: 11.0.1.0
05-Dec-2024 11:14:55.791 INFO [main] org.apache.catalina.startup.VersionLoggerListener.log OS Name:               Windows 11
05-Dec-2024 11:14:55.791 INFO [main] org.apache.catalina.startup.VersionLoggerListener.log OS Version:            10.0
05-Dec-2024 11:14:55.791 INFO [main] org.apache.catalina.startup.VersionLoggerListener.log Architecture:          amd64
05-Dec-2024 11:14:55.791 INFO [main] org.apache.catalina.startup.VersionLoggerListener.log Java Home:             C:\Program Files\Java\jdk-23
05-Dec-2024 11:14:55.791 INFO [main] org.apache.catalina.startup.VersionLoggerListener.log JVM Version:           23+37-2369
05-Dec-2024 11:14:55.791 INFO [main] org.apache.catalina.startup.VersionLoggerListener.log JVM Vendor:            Oracle Corporation
05-Dec-2024 11:14:55.792 INFO [main] org.apache.catalina.startup.VersionLoggerListener.log CATALINA_BASE:         C:\Users\isousa\Documents\10790 - ProjetoDeProgramacao\trabalho de grupo\apache-tomcat-11.0.1
05-Dec-2024 11:14:55.792 INFO [main] org.apache.catalina.startup.VersionLoggerListener.log CATALINA_HOME:         C:\Users\isousa\Documents\10790 - ProjetoDeProgramacao\trabalho de grupo\apache-tomcat-11.0.1
05-Dec-2024 11:14:55.811 INFO [main] org.apache.catalina.startup.VersionLoggerListener.log Command line argument: -Djava.util.logging.config.file=C:\Users\isousa\Documents\10790 - ProjetoDeProgramacao\trabalho de grupo\apache-tomcat-11.0.1\conf\logging.properties
05-Dec-2024 11:14:55.812 INFO [main] org.apache.catalina.startup.VersionLoggerListener.log Command line argument: -Djava.util.logging.manager=org.apache.juli.ClassLoaderLogManager
05-Dec-2024 11:14:55.812 INFO [main] org.apache.catalina.startup.VersionLoggerListener.log Command line argument: -Djdk.tls.ephemeralDHKeySize=2048
05-Dec-2024 11:14:55.812 INFO [main] org.apache.catalina.startup.VersionLoggerListener.log Command line argument: --add-opens=java.base/java.lang=ALL-UNNAMED
05-Dec-2024 11:14:55.812 INFO [main] org.apache.catalina.startup.VersionLoggerListener.log Command line argument: --add-opens=java.base/java.io=ALL-UNNAMED
05-Dec-2024 11:14:55.812 INFO [main] org.apache.catalina.startup.VersionLoggerListener.log Command line argument: --add-opens=java.base/java.util=ALL-UNNAMED
05-Dec-2024 11:14:55.812 INFO [main] org.apache.catalina.startup.VersionLoggerListener.log Command line argument: --add-opens=java.base/java.util.concurrent=ALL-UNNAMED
05-Dec-2024 11:14:55.812 INFO [main] org.apache.catalina.startup.VersionLoggerListener.log Command line argument: --add-opens=java.rmi/sun.rmi.transport=ALL-UNNAMED
05-Dec-2024 11:14:55.813 INFO [main] org.apache.catalina.startup.VersionLoggerListener.log Command line argument: --enable-native-access=ALL-UNNAMED
05-Dec-2024 11:14:55.813 INFO [main] org.apache.catalina.startup.VersionLoggerListener.log Command line argument: -Dcatalina.base=C:\Users\isousa\Documents\10790 - ProjetoDeProgramacao\trabalho de grupo\apache-tomcat-11.0.1
05-Dec-2024 11:14:55.813 INFO [main] org.apache.catalina.startup.VersionLoggerListener.log Command line argument: -Dcatalina.home=C:\Users\isousa\Documents\10790 - ProjetoDeProgramacao\trabalho de grupo\apache-tomcat-11.0.1
05-Dec-2024 11:14:55.813 INFO [main] org.apache.catalina.startup.VersionLoggerListener.log Command line argument: -Djava.io.tmpdir=C:\Users\isousa\Documents\10790 - ProjetoDeProgramacao\trabalho de grupo\apache-tomcat-11.0.1\temp
05-Dec-2024 11:14:55.818 INFO [main] org.apache.catalina.core.AprLifecycleListener.lifecycleEvent Loaded Apache Tomcat Native library [2.0.8] using APR version [1.7.4].
05-Dec-2024 11:14:55.824 INFO [main] org.apache.catalina.core.AprLifecycleListener.initializeSSL OpenSSL successfully initialized [OpenSSL 3.0.14 4 Jun 2024]
05-Dec-2024 11:14:56.207 INFO [main] org.apache.coyote.AbstractProtocol.init Initializing ProtocolHandler ["http-nio-8080"]
05-Dec-2024 11:14:56.234 INFO [main] org.apache.catalina.startup.Catalina.load Server initialization in [653] milliseconds
05-Dec-2024 11:14:56.325 INFO [main] org.apache.catalina.core.StandardService.startInternal Starting service [Catalina]
05-Dec-2024 11:14:56.326 INFO [main] org.apache.catalina.core.StandardEngine.startInternal Starting Servlet engine: [Apache Tomcat/11.0.1]
05-Dec-2024 11:14:56.344 INFO [main] org.apache.catalina.startup.HostConfig.deployDirectory Deploying web application directory [C:\Users\isousa\Documents\10790 - ProjetoDeProgramacao\trabalho de grupo\apache-tomcat-11.0.1\webapps\docs]
05-Dec-2024 11:14:56.771 INFO [main] org.apache.catalina.startup.HostConfig.deployDirectory Deployment of web application directory [C:\Users\isousa\Documents\10790 - ProjetoDeProgramacao\trabalho de grupo\apache-tomcat-11.0.1\webapps\docs] has finished in [426] ms
05-Dec-2024 11:14:56.772 INFO [main] org.apache.catalina.startup.HostConfig.deployDirectory Deploying web application directory [C:\Users\isousa\Documents\10790 - ProjetoDeProgramacao\trabalho de grupo\apache-tomcat-11.0.1\webapps\examples]
05-Dec-2024 11:14:57.514 INFO [main] org.apache.catalina.startup.HostConfig.deployDirectory Deployment of web application directory [C:\Users\isousa\Documents\10790 - ProjetoDeProgramacao\trabalho de grupo\apache-tomcat-11.0.1\webapps\examples] has finished in [743] ms
05-Dec-2024 11:14:57.514 INFO [main] org.apache.catalina.startup.HostConfig.deployDirectory Deploying web application directory [C:\Users\isousa\Documents\10790 - ProjetoDeProgramacao\trabalho de grupo\apache-tomcat-11.0.1\webapps\host-manager]
05-Dec-2024 11:14:57.589 INFO [main] org.apache.catalina.startup.HostConfig.deployDirectory Deployment of web application directory [C:\Users\isousa\Documents\10790 - ProjetoDeProgramacao\trabalho de grupo\apache-tomcat-11.0.1\webapps\host-manager] has finished in [75] ms
05-Dec-2024 11:14:57.590 INFO [main] org.apache.catalina.startup.HostConfig.deployDirectory Deploying web application directory [C:\Users\isousa\Documents\10790 - ProjetoDeProgramacao\trabalho de grupo\apache-tomcat-11.0.1\webapps\manager]
05-Dec-2024 11:14:57.655 INFO [main] org.apache.catalina.startup.HostConfig.deployDirectory Deployment of web application directory [C:\Users\isousa\Documents\10790 - ProjetoDeProgramacao\trabalho de grupo\apache-tomcat-11.0.1\webapps\manager] has finished in [66] ms
05-Dec-2024 11:14:57.655 INFO [main] org.apache.catalina.startup.HostConfig.deployDirectory Deploying web application directory [C:\Users\isousa\Documents\10790 - ProjetoDeProgramacao\trabalho de grupo\apache-tomcat-11.0.1\webapps\ROOT]
05-Dec-2024 11:14:57.708 INFO [main] org.apache.catalina.startup.HostConfig.deployDirectory Deployment of web application directory [C:\Users\isousa\Documents\10790 - ProjetoDeProgramacao\trabalho de grupo\apache-tomcat-11.0.1\webapps\ROOT] has finished in [53] ms
05-Dec-2024 11:14:57.712 INFO [main] org.apache.coyote.AbstractProtocol.start Starting ProtocolHandler ["http-nio-8080"]
05-Dec-2024 11:14:57.756 INFO [main] org.apache.catalina.startup.Catalina.start Server startup in [1520] milliseconds
05-Dec-2024 11:16:05.986 INFO [http-nio-8080-exec-10] org.apache.catalina.startup.HostConfig.deployDescriptor Deploying deployment descriptor [C:\Users\isousa\Documents\10790 - ProjetoDeProgramacao\trabalho de grupo\apache-tomcat-11.0.1\conf\Catalina\localhost\registodeocurrencias.xml]
05-Dec-2024 11:16:05.987 WARNING [http-nio-8080-exec-10] org.apache.catalina.startup.HostConfig.deployDescriptor The path attribute with value [/registodeocurrencias] in deployment descriptor [C:\Users\isousa\Documents\10790 - ProjetoDeProgramacao\trabalho de grupo\apache-tomcat-11.0.1\conf\Catalina\localhost\registodeocurrencias.xml] has been ignored
05-Dec-2024 11:16:06.048 INFO [http-nio-8080-exec-10] org.apache.catalina.startup.HostConfig.deployDescriptor Deployment of deployment descriptor [C:\Users\isousa\Documents\10790 - ProjetoDeProgramacao\trabalho de grupo\apache-tomcat-11.0.1\conf\Catalina\localhost\registodeocurrencias.xml] has finished in [62] ms
05-Dec-2024 11:16:06.051 INFO [http-nio-8080-exec-1] org.apache.catalina.util.LifecycleBase.start The start() method was called on component [StandardEngine[Catalina].StandardHost[localhost].StandardContext[/registodeocurrencias]] after start() had already been called. The second call will be ignored.
05-Dec-2024 11:25:28.774 INFO [http-nio-8080-exec-5] org.apache.catalina.startup.HostConfig.undeploy Undeploying context [/registodeocurrencias]
05-Dec-2024 11:25:28.797 INFO [http-nio-8080-exec-9] org.apache.catalina.startup.HostConfig.deployDescriptor Deploying deployment descriptor [C:\Users\isousa\Documents\10790 - ProjetoDeProgramacao\trabalho de grupo\apache-tomcat-11.0.1\conf\Catalina\localhost\registodeocurrencias.xml]
05-Dec-2024 11:25:28.798 WARNING [http-nio-8080-exec-9] org.apache.catalina.startup.HostConfig.deployDescriptor The path attribute with value [/registodeocurrencias] in deployment descriptor [C:\Users\isousa\Documents\10790 - ProjetoDeProgramacao\trabalho de grupo\apache-tomcat-11.0.1\conf\Catalina\localhost\registodeocurrencias.xml] has been ignored
05-Dec-2024 11:25:28.851 INFO [http-nio-8080-exec-9] org.apache.catalina.startup.HostConfig.deployDescriptor Deployment of deployment descriptor [C:\Users\isousa\Documents\10790 - ProjetoDeProgramacao\trabalho de grupo\apache-tomcat-11.0.1\conf\Catalina\localhost\registodeocurrencias.xml] has finished in [54] ms
05-Dec-2024 11:25:28.852 INFO [http-nio-8080-exec-2] org.apache.catalina.util.LifecycleBase.start The start() method was called on component [StandardEngine[Catalina].StandardHost[localhost].StandardContext[/registodeocurrencias]] after start() had already been called. The second call will be ignored.
05-Dec-2024 11:26:32.026 INFO [http-nio-8080-exec-10] org.apache.catalina.startup.HostConfig.undeploy Undeploying context [/registodeocurrencias]
05-Dec-2024 11:26:32.046 INFO [http-nio-8080-exec-12] org.apache.catalina.startup.HostConfig.deployDescriptor Deploying deployment descriptor [C:\Users\isousa\Documents\10790 - ProjetoDeProgramacao\trabalho de grupo\apache-tomcat-11.0.1\conf\Catalina\localhost\registodeocurrencias.xml]
05-Dec-2024 11:26:32.047 WARNING [http-nio-8080-exec-12] org.apache.catalina.startup.HostConfig.deployDescriptor The path attribute with value [/registodeocurrencias] in deployment descriptor [C:\Users\isousa\Documents\10790 - ProjetoDeProgramacao\trabalho de grupo\apache-tomcat-11.0.1\conf\Catalina\localhost\registodeocurrencias.xml] has been ignored
05-Dec-2024 11:26:32.097 INFO [http-nio-8080-exec-12] org.apache.catalina.startup.HostConfig.deployDescriptor Deployment of deployment descriptor [C:\Users\isousa\Documents\10790 - ProjetoDeProgramacao\trabalho de grupo\apache-tomcat-11.0.1\conf\Catalina\localhost\registodeocurrencias.xml] has finished in [51] ms
05-Dec-2024 11:26:32.099 INFO [http-nio-8080-exec-16] org.apache.catalina.util.LifecycleBase.start The start() method was called on component [StandardEngine[Catalina].StandardHost[localhost].StandardContext[/registodeocurrencias]] after start() had already been called. The second call will be ignored.
05-Dec-2024 11:35:35.422 INFO [http-nio-8080-exec-23] org.apache.catalina.startup.HostConfig.undeploy Undeploying context [/registodeocurrencias]
05-Dec-2024 11:35:35.446 INFO [http-nio-8080-exec-19] org.apache.catalina.startup.HostConfig.deployDescriptor Deploying deployment descriptor [C:\Users\isousa\Documents\10790 - ProjetoDeProgramacao\trabalho de grupo\apache-tomcat-11.0.1\conf\Catalina\localhost\registodeocurrencias.xml]
05-Dec-2024 11:35:35.447 WARNING [http-nio-8080-exec-19] org.apache.catalina.startup.HostConfig.deployDescriptor The path attribute with value [/registodeocurrencias] in deployment descriptor [C:\Users\isousa\Documents\10790 - ProjetoDeProgramacao\trabalho de grupo\apache-tomcat-11.0.1\conf\Catalina\localhost\registodeocurrencias.xml] has been ignored
05-Dec-2024 11:35:35.506 INFO [http-nio-8080-exec-19] org.apache.catalina.startup.HostConfig.deployDescriptor Deployment of deployment descriptor [C:\Users\isousa\Documents\10790 - ProjetoDeProgramacao\trabalho de grupo\apache-tomcat-11.0.1\conf\Catalina\localhost\registodeocurrencias.xml] has finished in [60] ms
05-Dec-2024 11:35:35.508 INFO [http-nio-8080-exec-21] org.apache.catalina.util.LifecycleBase.start The start() method was called on component [StandardEngine[Catalina].StandardHost[localhost].StandardContext[/registodeocurrencias]] after start() had already been called. The second call will be ignored.
05-Dec-2024 11:38:02.057 INFO [http-nio-8080-exec-34] org.apache.catalina.startup.HostConfig.undeploy Undeploying context [/registodeocurrencias]
05-Dec-2024 11:38:02.082 INFO [http-nio-8080-exec-26] org.apache.catalina.startup.HostConfig.deployDescriptor Deploying deployment descriptor [C:\Users\isousa\Documents\10790 - ProjetoDeProgramacao\trabalho de grupo\apache-tomcat-11.0.1\conf\Catalina\localhost\registodeocurrencias.xml]
05-Dec-2024 11:38:02.083 WARNING [http-nio-8080-exec-26] org.apache.catalina.startup.HostConfig.deployDescriptor The path attribute with value [/registodeocurrencias] in deployment descriptor [C:\Users\isousa\Documents\10790 - ProjetoDeProgramacao\trabalho de grupo\apache-tomcat-11.0.1\conf\Catalina\localhost\registodeocurrencias.xml] has been ignored
05-Dec-2024 11:38:02.136 INFO [http-nio-8080-exec-26] org.apache.catalina.startup.HostConfig.deployDescriptor Deployment of deployment descriptor [C:\Users\isousa\Documents\10790 - ProjetoDeProgramacao\trabalho de grupo\apache-tomcat-11.0.1\conf\Catalina\localhost\registodeocurrencias.xml] has finished in [54] ms
05-Dec-2024 11:38:02.139 INFO [http-nio-8080-exec-27] org.apache.catalina.util.LifecycleBase.start The start() method was called on component [StandardEngine[Catalina].StandardHost[localhost].StandardContext[/registodeocurrencias]] after start() had already been called. The second call will be ignored.
05-Dec-2024 11:42:10.964 INFO [http-nio-8080-exec-42] org.apache.catalina.startup.HostConfig.undeploy Undeploying context [/registodeocurrencias]
05-Dec-2024 11:42:11.000 INFO [http-nio-8080-exec-38] org.apache.catalina.startup.HostConfig.deployDescriptor Deploying deployment descriptor [C:\Users\isousa\Documents\10790 - ProjetoDeProgramacao\trabalho de grupo\apache-tomcat-11.0.1\conf\Catalina\localhost\registodeocurrencias.xml]
05-Dec-2024 11:42:11.001 WARNING [http-nio-8080-exec-38] org.apache.catalina.startup.HostConfig.deployDescriptor The path attribute with value [/registodeocurrencias] in deployment descriptor [C:\Users\isousa\Documents\10790 - ProjetoDeProgramacao\trabalho de grupo\apache-tomcat-11.0.1\conf\Catalina\localhost\registodeocurrencias.xml] has been ignored
05-Dec-2024 11:42:11.054 INFO [http-nio-8080-exec-38] org.apache.catalina.startup.HostConfig.deployDescriptor Deployment of deployment descriptor [C:\Users\isousa\Documents\10790 - ProjetoDeProgramacao\trabalho de grupo\apache-tomcat-11.0.1\conf\Catalina\localhost\registodeocurrencias.xml] has finished in [54] ms
05-Dec-2024 11:42:11.056 INFO [http-nio-8080-exec-36] org.apache.catalina.util.LifecycleBase.start The start() method was called on component [StandardEngine[Catalina].StandardHost[localhost].StandardContext[/registodeocurrencias]] after start() had already been called. The second call will be ignored.
05-Dec-2024 11:43:56.406 INFO [http-nio-8080-exec-33] org.apache.catalina.startup.HostConfig.undeploy Undeploying context [/registodeocurrencias]
05-Dec-2024 11:43:56.428 INFO [http-nio-8080-exec-43] org.apache.catalina.startup.HostConfig.deployDescriptor Deploying deployment descriptor [C:\Users\isousa\Documents\10790 - ProjetoDeProgramacao\trabalho de grupo\apache-tomcat-11.0.1\conf\Catalina\localhost\registodeocurrencias.xml]
05-Dec-2024 11:43:56.429 WARNING [http-nio-8080-exec-43] org.apache.catalina.startup.HostConfig.deployDescriptor The path attribute with value [/registodeocurrencias] in deployment descriptor [C:\Users\isousa\Documents\10790 - ProjetoDeProgramacao\trabalho de grupo\apache-tomcat-11.0.1\conf\Catalina\localhost\registodeocurrencias.xml] has been ignored
05-Dec-2024 11:43:56.479 INFO [http-nio-8080-exec-43] org.apache.catalina.startup.HostConfig.deployDescriptor Deployment of deployment descriptor [C:\Users\isousa\Documents\10790 - ProjetoDeProgramacao\trabalho de grupo\apache-tomcat-11.0.1\conf\Catalina\localhost\registodeocurrencias.xml] has finished in [51] ms
05-Dec-2024 11:43:56.481 INFO [http-nio-8080-exec-38] org.apache.catalina.util.LifecycleBase.start The start() method was called on component [StandardEngine[Catalina].StandardHost[localhost].StandardContext[/registodeocurrencias]] after start() had already been called. The second call will be ignored.
05-Dec-2024 11:50:38.042 INFO [http-nio-8080-exec-56] org.apache.catalina.startup.HostConfig.undeploy Undeploying context [/registodeocurrencias]
05-Dec-2024 11:50:38.065 INFO [http-nio-8080-exec-48] org.apache.catalina.startup.HostConfig.deployDescriptor Deploying deployment descriptor [C:\Users\isousa\Documents\10790 - ProjetoDeProgramacao\trabalho de grupo\apache-tomcat-11.0.1\conf\Catalina\localhost\registodeocurrencias.xml]
05-Dec-2024 11:50:38.066 WARNING [http-nio-8080-exec-48] org.apache.catalina.startup.HostConfig.deployDescriptor The path attribute with value [/registodeocurrencias] in deployment descriptor [C:\Users\isousa\Documents\10790 - ProjetoDeProgramacao\trabalho de grupo\apache-tomcat-11.0.1\conf\Catalina\localhost\registodeocurrencias.xml] has been ignored
05-Dec-2024 11:50:38.120 INFO [http-nio-8080-exec-48] org.apache.catalina.startup.HostConfig.deployDescriptor Deployment of deployment descriptor [C:\Users\isousa\Documents\10790 - ProjetoDeProgramacao\trabalho de grupo\apache-tomcat-11.0.1\conf\Catalina\localhost\registodeocurrencias.xml] has finished in [55] ms
05-Dec-2024 11:50:38.123 INFO [http-nio-8080-exec-50] org.apache.catalina.util.LifecycleBase.start The start() method was called on component [StandardEngine[Catalina].StandardHost[localhost].StandardContext[/registodeocurrencias]] after start() had already been called. The second call will be ignored.
05-Dec-2024 11:50:58.351 INFO [http-nio-8080-exec-53] org.apache.catalina.startup.HostConfig.undeploy Undeploying context [/registodeocurrencias]
05-Dec-2024 11:50:58.373 INFO [http-nio-8080-exec-51] org.apache.catalina.startup.HostConfig.deployDescriptor Deploying deployment descriptor [C:\Users\isousa\Documents\10790 - ProjetoDeProgramacao\trabalho de grupo\apache-tomcat-11.0.1\conf\Catalina\localhost\registodeocurrencias.xml]
05-Dec-2024 11:50:58.374 WARNING [http-nio-8080-exec-51] org.apache.catalina.startup.HostConfig.deployDescriptor The path attribute with value [/registodeocurrencias] in deployment descriptor [C:\Users\isousa\Documents\10790 - ProjetoDeProgramacao\trabalho de grupo\apache-tomcat-11.0.1\conf\Catalina\localhost\registodeocurrencias.xml] has been ignored
05-Dec-2024 11:50:58.426 INFO [http-nio-8080-exec-51] org.apache.catalina.startup.HostConfig.deployDescriptor Deployment of deployment descriptor [C:\Users\isousa\Documents\10790 - ProjetoDeProgramacao\trabalho de grupo\apache-tomcat-11.0.1\conf\Catalina\localhost\registodeocurrencias.xml] has finished in [53] ms
05-Dec-2024 11:50:58.429 INFO [http-nio-8080-exec-55] org.apache.catalina.util.LifecycleBase.start The start() method was called on component [StandardEngine[Catalina].StandardHost[localhost].StandardContext[/registodeocurrencias]] after start() had already been called. The second call will be ignored.
05-Dec-2024 11:52:11.474 INFO [http-nio-8080-exec-55] org.apache.catalina.startup.HostConfig.undeploy Undeploying context [/registodeocurrencias]
05-Dec-2024 11:52:11.493 INFO [http-nio-8080-exec-51] org.apache.catalina.startup.HostConfig.deployDescriptor Deploying deployment descriptor [C:\Users\isousa\Documents\10790 - ProjetoDeProgramacao\trabalho de grupo\apache-tomcat-11.0.1\conf\Catalina\localhost\registodeocurrencias.xml]
05-Dec-2024 11:52:11.494 WARNING [http-nio-8080-exec-51] org.apache.catalina.startup.HostConfig.deployDescriptor The path attribute with value [/registodeocurrencias] in deployment descriptor [C:\Users\isousa\Documents\10790 - ProjetoDeProgramacao\trabalho de grupo\apache-tomcat-11.0.1\conf\Catalina\localhost\registodeocurrencias.xml] has been ignored
05-Dec-2024 11:52:11.545 INFO [http-nio-8080-exec-51] org.apache.catalina.startup.HostConfig.deployDescriptor Deployment of deployment descriptor [C:\Users\isousa\Documents\10790 - ProjetoDeProgramacao\trabalho de grupo\apache-tomcat-11.0.1\conf\Catalina\localhost\registodeocurrencias.xml] has finished in [52] ms
05-Dec-2024 11:52:11.547 INFO [http-nio-8080-exec-62] org.apache.catalina.util.LifecycleBase.start The start() method was called on component [StandardEngine[Catalina].StandardHost[localhost].StandardContext[/registodeocurrencias]] after start() had already been called. The second call will be ignored.
05-Dec-2024 12:00:46.688 INFO [http-nio-8080-exec-73] org.apache.catalina.startup.HostConfig.undeploy Undeploying context [/registodeocurrencias]
05-Dec-2024 12:00:46.714 INFO [http-nio-8080-exec-74] org.apache.catalina.startup.HostConfig.deployDescriptor Deploying deployment descriptor [C:\Users\isousa\Documents\10790 - ProjetoDeProgramacao\trabalho de grupo\apache-tomcat-11.0.1\conf\Catalina\localhost\registodeocurrencias.xml]
05-Dec-2024 12:00:46.715 WARNING [http-nio-8080-exec-74] org.apache.catalina.startup.HostConfig.deployDescriptor The path attribute with value [/registodeocurrencias] in deployment descriptor [C:\Users\isousa\Documents\10790 - ProjetoDeProgramacao\trabalho de grupo\apache-tomcat-11.0.1\conf\Catalina\localhost\registodeocurrencias.xml] has been ignored
05-Dec-2024 12:00:46.770 INFO [http-nio-8080-exec-74] org.apache.catalina.startup.HostConfig.deployDescriptor Deployment of deployment descriptor [C:\Users\isousa\Documents\10790 - ProjetoDeProgramacao\trabalho de grupo\apache-tomcat-11.0.1\conf\Catalina\localhost\registodeocurrencias.xml] has finished in [56] ms
05-Dec-2024 12:00:46.772 INFO [http-nio-8080-exec-69] org.apache.catalina.util.LifecycleBase.start The start() method was called on component [StandardEngine[Catalina].StandardHost[localhost].StandardContext[/registodeocurrencias]] after start() had already been called. The second call will be ignored.
05-Dec-2024 12:01:56.204 INFO [http-nio-8080-exec-74] org.apache.catalina.startup.HostConfig.undeploy Undeploying context [/registodeocurrencias]
05-Dec-2024 12:01:56.232 INFO [http-nio-8080-exec-68] org.apache.catalina.startup.HostConfig.deployDescriptor Deploying deployment descriptor [C:\Users\isousa\Documents\10790 - ProjetoDeProgramacao\trabalho de grupo\apache-tomcat-11.0.1\conf\Catalina\localhost\registodeocurrencias.xml]
05-Dec-2024 12:01:56.233 WARNING [http-nio-8080-exec-68] org.apache.catalina.startup.HostConfig.deployDescriptor The path attribute with value [/registodeocurrencias] in deployment descriptor [C:\Users\isousa\Documents\10790 - ProjetoDeProgramacao\trabalho de grupo\apache-tomcat-11.0.1\conf\Catalina\localhost\registodeocurrencias.xml] has been ignored
05-Dec-2024 12:01:56.288 INFO [http-nio-8080-exec-68] org.apache.catalina.startup.HostConfig.deployDescriptor Deployment of deployment descriptor [C:\Users\isousa\Documents\10790 - ProjetoDeProgramacao\trabalho de grupo\apache-tomcat-11.0.1\conf\Catalina\localhost\registodeocurrencias.xml] has finished in [56] ms
05-Dec-2024 12:01:56.290 INFO [http-nio-8080-exec-69] org.apache.catalina.util.LifecycleBase.start The start() method was called on component [StandardEngine[Catalina].StandardHost[localhost].StandardContext[/registodeocurrencias]] after start() had already been called. The second call will be ignored.
05-Dec-2024 12:05:19.482 INFO [http-nio-8080-exec-68] org.apache.catalina.startup.HostConfig.undeploy Undeploying context [/registodeocurrencias]
05-Dec-2024 12:05:19.508 INFO [http-nio-8080-exec-85] org.apache.catalina.startup.HostConfig.deployDescriptor Deploying deployment descriptor [C:\Users\isousa\Documents\10790 - ProjetoDeProgramacao\trabalho de grupo\apache-tomcat-11.0.1\conf\Catalina\localhost\registodeocurrencias.xml]
05-Dec-2024 12:05:19.509 WARNING [http-nio-8080-exec-85] org.apache.catalina.startup.HostConfig.deployDescriptor The path attribute with value [/registodeocurrencias] in deployment descriptor [C:\Users\isousa\Documents\10790 - ProjetoDeProgramacao\trabalho de grupo\apache-tomcat-11.0.1\conf\Catalina\localhost\registodeocurrencias.xml] has been ignored
05-Dec-2024 12:05:19.561 INFO [http-nio-8080-exec-85] org.apache.catalina.startup.HostConfig.deployDescriptor Deployment of deployment descriptor [C:\Users\isousa\Documents\10790 - ProjetoDeProgramacao\trabalho de grupo\apache-tomcat-11.0.1\conf\Catalina\localhost\registodeocurrencias.xml] has finished in [53] ms
05-Dec-2024 12:05:19.564 INFO [http-nio-8080-exec-81] org.apache.catalina.util.LifecycleBase.start The start() method was called on component [StandardEngine[Catalina].StandardHost[localhost].StandardContext[/registodeocurrencias]] after start() had already been called. The second call will be ignored.
