06-Dec-2024 09:20:11.179 INFO [http-nio-8080-exec-5] org.apache.catalina.core.ApplicationContext.log Manager: init: Associated with Deployer 'Catalina:type=Deployer,host=localhost'
06-Dec-2024 09:20:11.179 INFO [http-nio-8080-exec-5] org.apache.catalina.core.ApplicationContext.log Manager: init: Global resources are available
06-Dec-2024 09:20:11.203 INFO [http-nio-8080-exec-6] org.apache.catalina.core.ApplicationContext.log Manager: list: Listing contexts for virtual host 'localhost'
06-Dec-2024 09:20:11.210 INFO [http-nio-8080-exec-7] org.apache.catalina.core.ApplicationContext.log Manager: undeploy: Undeploying web application at '/registodeocurrencias'
06-Dec-2024 09:20:11.745 INFO [http-nio-8080-exec-4] org.apache.catalina.core.ApplicationContext.log Manager: install: Installing context configuration at 'file:/C:/Users/tpaulo/AppData/Local/Temp/context4914954543421723534.xml'
06-Dec-2024 09:20:11.810 INFO [http-nio-8080-exec-3] org.apache.catalina.core.ApplicationContext.log Manager: start: Starting web application '/registodeocurrencias'
06-Dec-2024 09:43:07.169 INFO [http-nio-8080-exec-16] org.apache.catalina.core.ApplicationContext.log Manager: list: Listing contexts for virtual host 'localhost'
06-Dec-2024 09:43:07.172 INFO [http-nio-8080-exec-11] org.apache.catalina.core.ApplicationContext.log Manager: list: Listing contexts for virtual host 'localhost'
06-Dec-2024 09:43:07.177 INFO [http-nio-8080-exec-18] org.apache.catalina.core.ApplicationContext.log Manager: undeploy: Undeploying web application at '/registodeocurrencias'
06-Dec-2024 09:43:07.711 INFO [http-nio-8080-exec-13] org.apache.catalina.core.ApplicationContext.log Manager: install: Installing context configuration at 'file:/C:/Users/tpaulo/AppData/Local/Temp/context4695374311581733203.xml'
06-Dec-2024 09:43:07.774 INFO [http-nio-8080-exec-20] org.apache.catalina.core.ApplicationContext.log Manager: start: Starting web application '/registodeocurrencias'
06-Dec-2024 10:57:27.847 INFO [http-nio-8080-exec-28] org.apache.catalina.core.ApplicationContext.log Manager: list: Listing contexts for virtual host 'localhost'
06-Dec-2024 10:57:27.849 INFO [http-nio-8080-exec-30] org.apache.catalina.core.ApplicationContext.log Manager: list: Listing contexts for virtual host 'localhost'
06-Dec-2024 10:57:27.859 INFO [http-nio-8080-exec-29] org.apache.catalina.core.ApplicationContext.log Manager: undeploy: Undeploying web application at '/registodeocurrencias'
06-Dec-2024 10:57:28.410 INFO [http-nio-8080-exec-24] org.apache.catalina.core.ApplicationContext.log Manager: install: Installing context configuration at 'file:/C:/Users/tpaulo/AppData/Local/Temp/context12736979975782202561.xml'
06-Dec-2024 10:57:28.470 INFO [http-nio-8080-exec-23] org.apache.catalina.core.ApplicationContext.log Manager: start: Starting web application '/registodeocurrencias'
06-Dec-2024 10:57:37.528 INFO [http-nio-8080-exec-27] org.apache.catalina.core.ApplicationContext.log Manager: list: Listing contexts for virtual host 'localhost'
06-Dec-2024 10:57:37.530 INFO [http-nio-8080-exec-31] org.apache.catalina.core.ApplicationContext.log Manager: list: Listing contexts for virtual host 'localhost'
06-Dec-2024 10:57:37.535 INFO [http-nio-8080-exec-24] org.apache.catalina.core.ApplicationContext.log Manager: undeploy: Undeploying web application at '/registodeocurrencias'
06-Dec-2024 10:57:38.065 INFO [http-nio-8080-exec-31] org.apache.catalina.core.ApplicationContext.log Manager: install: Installing context configuration at 'file:/C:/Users/tpaulo/AppData/Local/Temp/context3243027864063700844.xml'
06-Dec-2024 10:57:38.119 INFO [http-nio-8080-exec-32] org.apache.catalina.core.ApplicationContext.log Manager: start: Starting web application '/registodeocurrencias'
06-Dec-2024 10:57:50.475 INFO [http-nio-8080-exec-25] org.apache.catalina.core.ApplicationContext.log Manager: list: Listing contexts for virtual host 'localhost'
06-Dec-2024 10:57:50.476 INFO [http-nio-8080-exec-24] org.apache.catalina.core.ApplicationContext.log Manager: list: Listing contexts for virtual host 'localhost'
06-Dec-2024 10:57:50.482 INFO [http-nio-8080-exec-31] org.apache.catalina.core.ApplicationContext.log Manager: undeploy: Undeploying web application at '/registodeocurrencias'
06-Dec-2024 10:57:51.015 INFO [http-nio-8080-exec-28] org.apache.catalina.core.ApplicationContext.log Manager: install: Installing context configuration at 'file:/C:/Users/tpaulo/AppData/Local/Temp/context7351693823756063353.xml'
06-Dec-2024 10:57:51.081 INFO [http-nio-8080-exec-30] org.apache.catalina.core.ApplicationContext.log Manager: start: Starting web application '/registodeocurrencias'
06-Dec-2024 10:58:17.562 INFO [http-nio-8080-exec-24] org.apache.catalina.core.ApplicationContext.log Manager: list: Listing contexts for virtual host 'localhost'
06-Dec-2024 10:58:17.564 INFO [http-nio-8080-exec-21] org.apache.catalina.core.ApplicationContext.log Manager: list: Listing contexts for virtual host 'localhost'
06-Dec-2024 10:58:17.569 INFO [http-nio-8080-exec-28] org.apache.catalina.core.ApplicationContext.log Manager: undeploy: Undeploying web application at '/registodeocurrencias'
06-Dec-2024 10:58:18.098 INFO [http-nio-8080-exec-30] org.apache.catalina.core.ApplicationContext.log Manager: install: Installing context configuration at 'file:/C:/Users/tpaulo/AppData/Local/Temp/context16266971207147248309.xml'
06-Dec-2024 10:58:18.149 INFO [http-nio-8080-exec-24] org.apache.catalina.core.ApplicationContext.log Manager: start: Starting web application '/registodeocurrencias'
06-Dec-2024 10:58:35.817 INFO [http-nio-8080-exec-35] org.apache.catalina.core.ApplicationContext.log Manager: list: Listing contexts for virtual host 'localhost'
06-Dec-2024 10:58:35.818 INFO [http-nio-8080-exec-28] org.apache.catalina.core.ApplicationContext.log Manager: list: Listing contexts for virtual host 'localhost'
06-Dec-2024 10:58:35.823 INFO [http-nio-8080-exec-30] org.apache.catalina.core.ApplicationContext.log Manager: undeploy: Undeploying web application at '/registodeocurrencias'
06-Dec-2024 10:58:36.357 INFO [http-nio-8080-exec-25] org.apache.catalina.core.ApplicationContext.log Manager: install: Installing context configuration at 'file:/C:/Users/tpaulo/AppData/Local/Temp/context4034529665587449443.xml'
06-Dec-2024 10:58:36.409 INFO [http-nio-8080-exec-21] org.apache.catalina.core.ApplicationContext.log Manager: start: Starting web application '/registodeocurrencias'
06-Dec-2024 11:06:02.482 INFO [http-nio-8080-exec-39] org.apache.catalina.core.ApplicationContext.log Manager: list: Listing contexts for virtual host 'localhost'
06-Dec-2024 11:06:02.487 INFO [http-nio-8080-exec-42] org.apache.catalina.core.ApplicationContext.log Manager: list: Listing contexts for virtual host 'localhost'
06-Dec-2024 11:06:02.493 INFO [http-nio-8080-exec-41] org.apache.catalina.core.ApplicationContext.log Manager: undeploy: Undeploying web application at '/registodeocurrencias'
06-Dec-2024 11:06:03.022 INFO [http-nio-8080-exec-46] org.apache.catalina.core.ApplicationContext.log Manager: install: Installing context configuration at 'file:/C:/Users/tpaulo/AppData/Local/Temp/context12065140118865284981.xml'
06-Dec-2024 11:06:03.078 INFO [http-nio-8080-exec-44] org.apache.catalina.core.ApplicationContext.log Manager: start: Starting web application '/registodeocurrencias'
06-Dec-2024 11:09:45.556 INFO [http-nio-8080-exec-49] org.apache.catalina.core.ApplicationContext.log Manager: list: Listing contexts for virtual host 'localhost'
06-Dec-2024 11:09:45.558 INFO [http-nio-8080-exec-53] org.apache.catalina.core.ApplicationContext.log Manager: list: Listing contexts for virtual host 'localhost'
06-Dec-2024 11:09:45.562 INFO [http-nio-8080-exec-54] org.apache.catalina.core.ApplicationContext.log Manager: undeploy: Undeploying web application at '/registodeocurrencias'
06-Dec-2024 11:09:46.083 INFO [http-nio-8080-exec-43] org.apache.catalina.core.ApplicationContext.log Manager: install: Installing context configuration at 'file:/C:/Users/tpaulo/AppData/Local/Temp/context10571175489196689316.xml'
06-Dec-2024 11:09:46.134 INFO [http-nio-8080-exec-55] org.apache.catalina.core.ApplicationContext.log Manager: start: Starting web application '/registodeocurrencias'
06-Dec-2024 11:23:02.212 INFO [http-nio-8080-exec-61] org.apache.catalina.core.ApplicationContext.log Manager: list: Listing contexts for virtual host 'localhost'
06-Dec-2024 11:23:02.214 INFO [http-nio-8080-exec-62] org.apache.catalina.core.ApplicationContext.log Manager: list: Listing contexts for virtual host 'localhost'
06-Dec-2024 11:23:02.219 INFO [http-nio-8080-exec-63] org.apache.catalina.core.ApplicationContext.log Manager: undeploy: Undeploying web application at '/registodeocurrencias'
06-Dec-2024 11:23:02.743 INFO [http-nio-8080-exec-57] org.apache.catalina.core.ApplicationContext.log Manager: install: Installing context configuration at 'file:/C:/Users/tpaulo/AppData/Local/Temp/context15740398587491589502.xml'
06-Dec-2024 11:23:02.798 INFO [http-nio-8080-exec-59] org.apache.catalina.core.ApplicationContext.log Manager: start: Starting web application '/registodeocurrencias'
06-Dec-2024 11:23:29.606 INFO [http-nio-8080-exec-64] org.apache.catalina.core.ApplicationContext.log Manager: list: Listing contexts for virtual host 'localhost'
06-Dec-2024 11:23:29.608 INFO [http-nio-8080-exec-68] org.apache.catalina.core.ApplicationContext.log Manager: list: Listing contexts for virtual host 'localhost'
06-Dec-2024 11:23:29.612 INFO [http-nio-8080-exec-69] org.apache.catalina.core.ApplicationContext.log Manager: undeploy: Undeploying web application at '/registodeocurrencias'
06-Dec-2024 11:23:30.140 INFO [http-nio-8080-exec-65] org.apache.catalina.core.ApplicationContext.log Manager: install: Installing context configuration at 'file:/C:/Users/tpaulo/AppData/Local/Temp/context13127327178365830505.xml'
06-Dec-2024 11:23:30.192 INFO [http-nio-8080-exec-59] org.apache.catalina.core.ApplicationContext.log Manager: start: Starting web application '/registodeocurrencias'
06-Dec-2024 11:28:10.200 INFO [http-nio-8080-exec-77] org.apache.catalina.core.ApplicationContext.log Manager: list: Listing contexts for virtual host 'localhost'
06-Dec-2024 11:28:10.202 INFO [http-nio-8080-exec-78] org.apache.catalina.core.ApplicationContext.log Manager: list: Listing contexts for virtual host 'localhost'
06-Dec-2024 11:28:10.206 INFO [http-nio-8080-exec-79] org.apache.catalina.core.ApplicationContext.log Manager: undeploy: Undeploying web application at '/registodeocurrencias'
06-Dec-2024 11:28:10.732 INFO [http-nio-8080-exec-67] org.apache.catalina.core.ApplicationContext.log Manager: install: Installing context configuration at 'file:/C:/Users/tpaulo/AppData/Local/Temp/context13825345081084724888.xml'
06-Dec-2024 11:28:10.782 INFO [http-nio-8080-exec-72] org.apache.catalina.core.ApplicationContext.log Manager: start: Starting web application '/registodeocurrencias'
06-Dec-2024 11:54:23.881 INFO [http-nio-8080-exec-89] org.apache.catalina.core.ApplicationContext.log Manager: list: Listing contexts for virtual host 'localhost'
06-Dec-2024 11:54:23.884 INFO [http-nio-8080-exec-90] org.apache.catalina.core.ApplicationContext.log Manager: undeploy: Undeploying web application at '/registodeocurrencias'
06-Dec-2024 12:00:15.310 INFO [http-nio-8080-exec-83] org.apache.catalina.core.ApplicationContext.log Manager: list: Listing contexts for virtual host 'localhost'
06-Dec-2024 12:09:48.867 INFO [http-nio-8080-exec-99] org.apache.catalina.core.ApplicationContext.log Manager: list: Listing contexts for virtual host 'localhost'
06-Dec-2024 12:39:16.070 INFO [http-nio-8080-exec-99] org.apache.catalina.core.ApplicationContext.log Manager: list: Listing contexts for virtual host 'localhost'
06-Dec-2024 12:39:25.662 INFO [http-nio-8080-exec-96] org.apache.catalina.core.ApplicationContext.log Manager: list: Listing contexts for virtual host 'localhost'
06-Dec-2024 12:39:25.664 INFO [http-nio-8080-exec-95] org.apache.catalina.core.ApplicationContext.log Manager: list: Listing contexts for virtual host 'localhost'
06-Dec-2024 12:39:25.677 INFO [http-nio-8080-exec-98] org.apache.catalina.core.ApplicationContext.log Manager: install: Installing context configuration at 'file:/C:/Users/tpaulo/AppData/Local/Temp/context3283612359189095178.xml'
06-Dec-2024 12:39:25.743 INFO [http-nio-8080-exec-97] org.apache.catalina.core.ApplicationContext.log Manager: start: Starting web application '/registodeocurrencias'
